2024-07-26 18:30:00,714 [main] INFO  com.ramesh.LoggingAppsApplication                  - Starting LoggingAppsApplication using Java 17.0.10 with PID 9048 (D:\Ramesh\GitHub Practice\LoggingApplication\LoggingApps\target\classes started by jagad in D:\Ramesh\GitHub Practice\LoggingApplication\LoggingApps)
2024-07-26 18:30:00,723 [main] INFO  com.ramesh.LoggingAppsApplication                  - No active profile set, falling back to 1 default profile: "default"
2024-07-26 18:30:06,245 [main] INFO  o.s.b.w.embedded.tomcat.TomcatWebServer            - Tomcat initialized with port 9090 (http)
2024-07-26 18:30:06,312 [main] INFO  o.apache.coyote.http11.Http11NioProtocol           - Initializing ProtocolHandler ["http-nio-9090"]
2024-07-26 18:30:06,318 [main] INFO  o.apache.catalina.core.StandardService             - Starting service [Tomcat]
2024-07-26 18:30:06,319 [main] INFO  org.apache.catalina.core.StandardEngine            - Starting Servlet engine: [Apache Tomcat/10.1.26]
2024-07-26 18:30:06,472 [main] INFO  o.a.c.c.C.[Tomcat].[localhost].[/]                 - Initializing Spring embedded WebApplicationContext
2024-07-26 18:30:06,473 [main] INFO  o.s.b.w.s.c.ServletWebServerApplicationContext     - Root WebApplicationContext: initialization completed in 5377 ms
2024-07-26 18:30:07,924 [main] INFO  o.apache.coyote.http11.Http11NioProtocol           - Starting ProtocolHandler ["http-nio-9090"]
2024-07-26 18:30:08,162 [main] INFO  o.s.b.w.embedded.tomcat.TomcatWebServer            - Tomcat started on port 9090 (http) with context path '/'
2024-07-26 18:30:08,231 [main] INFO  com.ramesh.LoggingAppsApplication                  - Started LoggingAppsApplication in 9.668 seconds (process running for 15.312)
2024-07-26 18:30:53,228 [http-nio-9090-exec-2] INFO  o.a.c.c.C.[Tomcat].[localhost].[/]                 - Initializing Spring DispatcherServlet 'dispatcherServlet'
2024-07-26 18:30:53,229 [http-nio-9090-exec-2] INFO  o.s.web.servlet.DispatcherServlet                  - Initializing Servlet 'dispatcherServlet'
2024-07-26 18:30:53,229 [http-nio-9090-exec-2] INFO  o.s.web.servlet.DispatcherServlet                  - Completed initialization in 0 ms
2024-07-26 18:31:00,459 [http-nio-9090-exec-5] INFO  com.ramesh.service.MsgService                      - getWelcomeMsg() - (info) started...
2024-07-26 18:31:00,459 [http-nio-9090-exec-5] INFO  com.ramesh.service.MsgService                      - getWelcomeMsg() -  (info) ended....
2024-07-26 18:31:00,459 [http-nio-9090-exec-5] WARN  com.ramesh.service.MsgService                      - this is warning msg...
2024-07-26 18:31:00,459 [http-nio-9090-exec-5] ERROR com.ramesh.service.MsgService                      - this is error msg
2024-07-26 18:33:31,856 [RMI TCP Connection(8)-127.0.0.1] INFO  o.s.b.a.SpringApplicationAdminMXBeanRegistrar$SpringApplicationAdmin - Application shutdown requested.
2024-07-26 18:33:31,869 [RMI TCP Connection(8)-127.0.0.1] INFO  o.apache.coyote.http11.Http11NioProtocol           - Stopping ProtocolHandler ["http-nio-9090"]
2024-07-26 18:33:47,349 [main] INFO  com.ramesh.LoggingAppsApplication                  - Starting LoggingAppsApplication using Java 17.0.10 with PID 6748 (D:\Ramesh\GitHub Practice\LoggingApplication\LoggingApps\target\classes started by jagad in D:\Ramesh\GitHub Practice\LoggingApplication\LoggingApps)
2024-07-26 18:33:47,353 [main] INFO  com.ramesh.LoggingAppsApplication                  - No active profile set, falling back to 1 default profile: "default"
2024-07-26 18:33:49,148 [main] INFO  o.s.b.w.embedded.tomcat.TomcatWebServer            - Tomcat initialized with port 9090 (http)
2024-07-26 18:33:49,173 [main] INFO  o.apache.coyote.http11.Http11NioProtocol           - Initializing ProtocolHandler ["http-nio-9090"]
2024-07-26 18:33:49,177 [main] INFO  o.apache.catalina.core.StandardService             - Starting service [Tomcat]
2024-07-26 18:33:49,178 [main] INFO  org.apache.catalina.core.StandardEngine            - Starting Servlet engine: [Apache Tomcat/10.1.26]
2024-07-26 18:33:49,328 [main] INFO  o.a.c.c.C.[Tomcat].[localhost].[/]                 - Initializing Spring embedded WebApplicationContext
2024-07-26 18:33:49,329 [main] INFO  o.s.b.w.s.c.ServletWebServerApplicationContext     - Root WebApplicationContext: initialization completed in 1860 ms
2024-07-26 18:33:49,916 [main] INFO  o.apache.coyote.http11.Http11NioProtocol           - Starting ProtocolHandler ["http-nio-9090"]
2024-07-26 18:33:50,032 [main] INFO  o.s.b.w.embedded.tomcat.TomcatWebServer            - Tomcat started on port 9090 (http) with context path '/'
2024-07-26 18:33:50,054 [main] INFO  com.ramesh.LoggingAppsApplication                  - Started LoggingAppsApplication in 3.373 seconds (process running for 5.17)
2024-07-26 18:34:15,935 [http-nio-9090-exec-2] INFO  o.a.c.c.C.[Tomcat].[localhost].[/]                 - Initializing Spring DispatcherServlet 'dispatcherServlet'
2024-07-26 18:34:15,935 [http-nio-9090-exec-2] INFO  o.s.web.servlet.DispatcherServlet                  - Initializing Servlet 'dispatcherServlet'
2024-07-26 18:34:15,937 [http-nio-9090-exec-2] INFO  o.s.web.servlet.DispatcherServlet                  - Completed initialization in 2 ms
2024-07-26 18:34:16,003 [http-nio-9090-exec-2] INFO  com.ramesh.service.MsgService                      - getWelcomeMsg() - (info) started...
2024-07-26 18:34:16,003 [http-nio-9090-exec-2] INFO  com.ramesh.service.MsgService                      - getWelcomeMsg() -  (info) ended....
2024-07-26 18:34:16,004 [http-nio-9090-exec-2] WARN  com.ramesh.service.MsgService                      - this is warning msg...
2024-07-26 18:34:16,004 [http-nio-9090-exec-2] ERROR com.ramesh.service.MsgService                      - this is error msg
2024-07-26 18:34:29,243 [RMI TCP Connection(4)-127.0.0.1] INFO  o.s.b.a.SpringApplicationAdminMXBeanRegistrar$SpringApplicationAdmin - Application shutdown requested.
2024-07-26 18:34:29,251 [RMI TCP Connection(4)-127.0.0.1] INFO  o.apache.coyote.http11.Http11NioProtocol           - Stopping ProtocolHandler ["http-nio-9090"]
